q_1						1e-07						1


Estimated Parameters						Initial Value						Phase

Recruitment:
log_R0_1						9.90349						1
h1						0.7						3
recruitment_deviations[0]_1						0						3
recruitment_deviations[1]_1						0						3
recruitment_deviations[2]_1						0						3
recruitment_deviations[3]_1						0						3
recruitment_deviations[4]_1						0						3
recruitment_deviations[5]_1						0						3
recruitment_deviations[6]_1						0						3
recruitment_deviations[7]_1						0						3
recruitment_deviations[8]_1						0						3
recruitment_deviations[9]_1						0						3
recruitment_deviations[10]_1						0						3
recruitment_deviations[11]_1						0						3
recruitment_deviations[12]_1						0						3
recruitment_deviations[13]_1						0						3
recruitment_deviations[14]_1						0						3
recruitment_deviations[15]_1						0						3
recruitment_deviations[16]_1						0						3
recruitment_deviations[17]_1						0						3
recruitment_deviations[18]_1						0						3
recruitment_deviations[19]_1						0						3

Growth:

NLL Component:

Selectivity:
logistic_selectivity_a50_2						1						2
logistic_selectivity_slope_2						3						2
						0.003						2
						0.3						2
						0.8						2
						1						2
						1						2
						1						2
						1						2
						1						2
						1						2
						1						2

Movement:

Natural Mortality:
fishing_mortality[1][0]_1						0.2						1
fishing_mortality[2][0]_1						0.2						1
fishing_mortality[3][0]_1						0.2						1
fishing_mortality[4][0]_1						0.2						1
fishing_mortality[0][0]_1						0.2						1
fishing_mortality[19][0]_1						0.2						1
fishing_mortality[7][0]_1						0.2						1
fishing_mortality[11][0]_1						0.2						1
fishing_mortality[6][0]_1						0.2						1
fishing_mortality[5][0]_1						0.2						1
fishing_mortality[13][0]_1						0.2						1
fishing_mortality[15][0]_1						0.2						1
fishing_mortality[16][0]_1						0.2						1
fishing_mortality[10][0]_1						0.2						1
fishing_mortality[18][0]_1						0.2						1
fishing_mortality[9][0]_1						0.2						1
fishing_mortality[12][0]_1						0.2						1
fishing_mortality[8][0]_1						0.2						1
fishing_mortality[14][0]_1						0.2						1
fishing_mortality[17][0]_1						0.2						1
f_initial_deviations[0]_1						0						2
f_initial_deviations[1]_1						0						2
f_initial_deviations[2]_1						0						2
f_initial_deviations[3]_1						0						2
f_initial_deviations[4]_1						0						2
f_initial_deviations[5]_1						0						2
f_initial_deviations[6]_1						0						2
f_initial_deviations[7]_1						0						2
f_initial_deviations[8]_1						0						2
f_initial_deviations[9]_1						0						2
m_initial_deviations[0]_1						0						2
m_initial_deviations[1]_1						0						2
m_initial_deviations[2]_1						0						2
m_initial_deviations[3]_1						0						2
m_initial_deviations[4]_1						0						2
m_initial_deviations[5]_1						0						2
m_initial_deviations[6]_1						0						2
m_initial_deviations[7]_1						0						2
m_initial_deviations[8]_1						0						2
m_initial_deviations[9]_1						0						2
